INFO:finder:STARTING ANALYSIS
INFO:finder:STARTING ANALYSIS
INFO:finder:Order: (0, 1, 0), Seasonal Order: (0, 1, 0, 24), AIC: -41698.797285975954 AAIC 41698.797285975954 mse: 0.005680132204866986 sse: 101.54372342640711 
INFO:finder:Order: (0, 1, 0), Seasonal Order: (0, 1, 1, 24), AIC: -60538.55588949259 AAIC 60538.55588949259 mse: 0.001979044851760881 sse: 35.379384814929274 
INFO:finder:Order: (0, 1, 0), Seasonal Order: (0, 1, 2, 24), AIC: -71283.20628184605 AAIC 71283.20628184605 mse: 0.0010881959441625237 sse: 19.453678893793438 
INFO:finder:Order: (0, 1, 0), Seasonal Order: (1, 1, 0, 24), AIC: -89805.99521802808 AAIC 89805.99521802808 mse: 0.0003922435029788257 sse: 7.012137102752467 
INFO:finder:Order: (0, 1, 0), Seasonal Order: (1, 1, 1, 24), AIC: -90372.0808339936 AAIC 90372.0808339936 mse: 0.0003811635965429557 sse: 6.81406161539842 
INFO:finder:Order: (0, 1, 0), Seasonal Order: (1, 1, 2, 24), AIC: -92926.20822658522 AAIC 92926.20822658522 mse: 0.0003335952047177648 sse: 5.963681474739481 
INFO:finder:Order: (0, 1, 0), Seasonal Order: (2, 1, 0, 24), AIC: -90120.11195828342 AAIC 90120.11195828342 mse: 0.00038612360186937675 sse: 6.902731630618848 
INFO:finder:Order: (0, 1, 0), Seasonal Order: (2, 1, 1, 24), AIC: -92508.02119487789 AAIC 92508.02119487789 mse: 0.00034930317566131435 sse: 6.244492871297316 
INFO:finder:Order: (0, 1, 0), Seasonal Order: (2, 1, 2, 24), AIC: -93011.17425007084 AAIC 93011.17425007084 mse: 0.0003342273014128931 sse: 5.97498146735829 
INFO:finder:Order: (0, 1, 1), Seasonal Order: (0, 1, 0, 24), AIC: -63217.70709929081 AAIC 63217.70709929081 mse: 0.0017049641144627964 sse: 30.47964347425141 
INFO:finder:Order: (0, 1, 1), Seasonal Order: (0, 1, 1, 24), AIC: -79507.89040670269 AAIC 79507.89040670269 mse: 0.0006909930205233317 sse: 12.352882227895602 
INFO:finder:Order: (0, 1, 1), Seasonal Order: (0, 1, 2, 24), AIC: -88451.06956917942 AAIC 88451.06956917942 mse: 0.0004255591288048092 sse: 7.607720545643574 
INFO:finder:Order: (0, 1, 1), Seasonal Order: (1, 1, 0, 24), AIC: -104315.58965258885 AAIC 104315.58965258885 mse: 0.00018013821380618008 sse: 3.2203308482130812 
INFO:finder:Order: (0, 1, 1), Seasonal Order: (1, 1, 1, 24), AIC: -105887.66984330304 AAIC 105887.66984330304 mse: 0.0001690589556735183 sse: 3.0222669505754864 
INFO:finder:Order: (0, 1, 1), Seasonal Order: (1, 1, 2, 24), AIC: -108153.68894310333 AAIC 108153.68894310333 mse: 0.00015078002825487906 sse: 2.695494565112473 
INFO:finder:Order: (0, 1, 1), Seasonal Order: (2, 1, 0, 24), AIC: -105225.5735972387 AAIC 105225.5735972387 mse: 0.0001728047900840815 sse: 3.089231232333125 
INFO:finder:Order: (0, 1, 1), Seasonal Order: (2, 1, 1, 24), AIC: -107839.38936760469 AAIC 107839.38936760469 mse: 0.00017644536745869307 sse: 3.154313834059056 
INFO:finder:Order: (0, 1, 1), Seasonal Order: (2, 1, 2, 24), AIC: -108100.93802227924 AAIC 108100.93802227924 mse: 0.00015045193462134162 sse: 2.6896292352257243 
INFO:finder:Order: (0, 1, 2), Seasonal Order: (0, 1, 0, 24), AIC: -77233.27264553499 AAIC 77233.27264553499 mse: 0.0007792665373286813 sse: 13.930947887824836 
INFO:finder:Order: (0, 1, 2), Seasonal Order: (0, 1, 1, 24), AIC: -90147.65103195103 AAIC 90147.65103195103 mse: 0.0003856498745839857 sse: 6.8942628079379125 
INFO:finder:Order: (0, 1, 2), Seasonal Order: (0, 1, 2, 24), AIC: -96807.34061076722 AAIC 96807.34061076722 mse: 0.000272500561569537 sse: 4.871492539178613 
INFO:finder:Order: (0, 1, 2), Seasonal Order: (1, 1, 0, 24), AIC: -109366.50210028932 AAIC 109366.50210028932 mse: 0.00013863842501222502 sse: 2.478439123943547 
INFO:finder:Order: (0, 1, 2), Seasonal Order: (1, 1, 1, 24), AIC: -112526.95927806203 AAIC 112526.95927806203 mse: 0.0001201870727431471 sse: 2.1485842994292406 
INFO:finder:Order: (0, 1, 2), Seasonal Order: (1, 1, 2, 24), AIC: -113970.43280427533 AAIC 113970.43280427533 mse: 0.00011337658950905712 sse: 2.026833290653414 
INFO:finder:Order: (0, 1, 2), Seasonal Order: (2, 1, 0, 24), AIC: -111319.5564551123 AAIC 111319.5564551123 mse: 0.0001262984944393502 sse: 2.2578381850922633 
INFO:finder:Order: (0, 1, 2), Seasonal Order: (2, 1, 1, 24), AIC: -112130.85875633813 AAIC 112130.85875633813 mse: 0.00012259791030539184 sse: 2.19168284252949 
INFO:finder:Order: (0, 1, 2), Seasonal Order: (2, 1, 2, 24), AIC: -114408.62296957866 AAIC 114408.62296957866 mse: 0.0001098100544651949 sse: 1.9630743436742892 
INFO:finder:Order: (0, 1, 3), Seasonal Order: (0, 1, 0, 24), AIC: -84894.64941794077 AAIC 84894.64941794077 mse: 0.0005081871535674648 sse: 9.084861744325568 
INFO:finder:Order: (0, 1, 3), Seasonal Order: (0, 1, 1, 24), AIC: -96082.22331736138 AAIC 96082.22331736138 mse: 0.0002791600969257676 sse: 4.990545052741947 
INFO:finder:Order: (0, 1, 3), Seasonal Order: (0, 1, 2, 24), AIC: -101602.59818174012 AAIC 101602.59818174012 mse: 0.00021152183855788475 sse: 3.7813759078993057 
INFO:finder:Order: (0, 1, 3), Seasonal Order: (1, 1, 0, 24), AIC: -111321.99378518594 AAIC 111321.99378518594 mse: 0.00012527684094351294 sse: 2.239574085547181 
INFO:finder:Order: (0, 1, 3), Seasonal Order: (1, 1, 1, 24), AIC: -115505.00107300968 AAIC 115505.00107300968 mse: 0.00010426382011232583 sse: 1.8639243121480489 
INFO:finder:Order: (0, 1, 3), Seasonal Order: (1, 1, 2, 24), AIC: -116679.71333412256 AAIC 116679.71333412256 mse: 9.956348153803297e-05 sse: 1.7798963594554154 
INFO:finder:Order: (0, 1, 3), Seasonal Order: (2, 1, 0, 24), AIC: -113382.18409967117 AAIC 113382.18409967117 mse: 0.00011374913257292306 sse: 2.0334932430061454 
INFO:finder:Order: (0, 1, 3), Seasonal Order: (2, 1, 1, 24), AIC: -116418.41090130666 AAIC 116418.41090130666 mse: 0.00010399603523858675 sse: 1.8591371219602153 
INFO:finder:Order: (0, 1, 3), Seasonal Order: (2, 1, 2, 24), AIC: -116563.90014580872 AAIC 116563.90014580872 mse: 9.891146213253603e-05 sse: 1.7682402085433466 
INFO:finder:Order: (1, 1, 0), Seasonal Order: (0, 1, 0, 24), AIC: -79149.44814920012 AAIC 79149.44814920012 mse: 0.0006991860623708575 sse: 12.49934923700382 
INFO:finder:Order: (1, 1, 0), Seasonal Order: (0, 1, 1, 24), AIC: -94095.29907216116 AAIC 94095.29907216116 mse: 0.00030790553331348086 sse: 5.504427219045097 
INFO:finder:Order: (1, 1, 0), Seasonal Order: (0, 1, 2, 24), AIC: -101112.04633441825 AAIC 101112.04633441825 mse: 0.00021003880344419145 sse: 3.7548636891718106 
INFO:finder:Order: (1, 1, 0), Seasonal Order: (1, 1, 0, 24), AIC: -111693.7605940578 AAIC 111693.7605940578 mse: 0.00011884977147155306 sse: 2.124677364596954 
INFO:finder:Order: (1, 1, 0), Seasonal Order: (1, 1, 1, 24), AIC: -114866.49260376273 AAIC 114866.49260376273 mse: 0.0001039894213455986 sse: 1.859018885395266 
INFO:finder:Order: (1, 1, 0), Seasonal Order: (1, 1, 2, 24), AIC: -117402.4123351214 AAIC 117402.4123351214 mse: 9.532660441107795e-05 sse: 1.7041537070568404 
INFO:finder:Order: (1, 1, 0), Seasonal Order: (2, 1, 0, 24), AIC: -113377.19208927991 AAIC 113377.19208927991 mse: 0.00011198947205300651 sse: 2.0020357918915974 
INFO:finder:Order: (1, 1, 0), Seasonal Order: (2, 1, 1, 24), AIC: -116296.4499766287 AAIC 116296.4499766287 mse: 0.00010375157460505062 sse: 1.85476689921449 
INFO:finder:Order: (1, 1, 0), Seasonal Order: (2, 1, 2, 24), AIC: -117405.74162345566 AAIC 117405.74162345566 mse: 9.416494386788111e-05 sse: 1.6833867015261106 
INFO:finder:Order: (1, 1, 1), Seasonal Order: (0, 1, 0, 24), AIC: -89768.93212599822 AAIC 89768.93212599822 mse: 0.00038763323258118214 sse: 6.929719298853794 
INFO:finder:Order: (1, 1, 1), Seasonal Order: (0, 1, 1, 24), AIC: -100348.7734511481 AAIC 100348.7734511481 mse: 0.00021889235155066446 sse: 3.913138568671229 
INFO:finder:Order: (1, 1, 1), Seasonal Order: (0, 1, 2, 24), AIC: -105242.633286817 AAIC 105242.633286817 mse: 0.00016838849840646993 sse: 3.0102811860124628 
INFO:finder:Order: (1, 1, 1), Seasonal Order: (1, 1, 0, 24), AIC: -113311.62774996643 AAIC 113311.62774996643 mse: 0.00010903095051992205 sse: 1.9491463024446465 
INFO:finder:Order: (1, 1, 1), Seasonal Order: (1, 1, 1, 24), AIC: -117181.43222031448 AAIC 117181.43222031448 mse: 9.383604255040527e-05 sse: 1.677506932673595 
INFO:finder:Order: (1, 1, 1), Seasonal Order: (1, 1, 2, 24), AIC: -119246.2778913097 AAIC 119246.2778913097 mse: 8.694539629393968e-05 sse: 1.5543228495467596 
INFO:finder:Order: (1, 1, 1), Seasonal Order: (2, 1, 0, 24), AIC: -115421.63732983178 AAIC 115421.63732983178 mse: 0.0001000281731875873 sse: 1.7882036520744982 
INFO:finder:Order: (1, 1, 1), Seasonal Order: (2, 1, 1, 24), AIC: -118934.00688375537 AAIC 118934.00688375537 mse: 9.170781040127284e-05 sse: 1.6394605265435547 
INFO:finder:Order: (1, 1, 1), Seasonal Order: (2, 1, 2, 24), AIC: -119216.76505692156 AAIC 119216.76505692156 mse: 8.513256598088203e-05 sse: 1.5219148820402282 
INFO:finder:Order: (1, 1, 2), Seasonal Order: (0, 1, 0, 24), AIC: -91967.2348504096 AAIC 91967.2348504096 mse: 0.0003436122046057454 sse: 6.142755381736911 
INFO:finder:Order: (1, 1, 2), Seasonal Order: (0, 1, 1, 24), AIC: -101679.55025296098 AAIC 101679.55025296098 mse: 0.0002033743583588051 sse: 3.6357234043803586 
INFO:finder:Order: (1, 1, 2), Seasonal Order: (0, 1, 2, 24), AIC: -105994.36710847869 AAIC 105994.36710847869 mse: 0.00016144021272395325 sse: 2.886066682866112 
INFO:finder:Order: (1, 1, 2), Seasonal Order: (1, 1, 0, 24), AIC: -113382.82571475388 AAIC 113382.82571475388 mse: 0.00010851388982677988 sse: 1.9399028084333438 
INFO:finder:Order: (1, 1, 2), Seasonal Order: (1, 1, 1, 24), AIC: -117373.31046228118 AAIC 117373.31046228118 mse: 9.297638258056801e-05 sse: 1.6621387913928145 
INFO:finder:Order: (1, 1, 2), Seasonal Order: (1, 1, 2, 24), AIC: -119332.1918107839 AAIC 119332.1918107839 mse: 8.608581130747133e-05 sse: 1.538956048743665 
INFO:finder:Order: (1, 1, 2), Seasonal Order: (2, 1, 0, 24), AIC: -115406.74650366922 AAIC 115406.74650366922 mse: 9.934388902428907e-05 sse: 1.7759707040872157 
INFO:finder:Order: (1, 1, 2), Seasonal Order: (2, 1, 1, 24), AIC: -118443.26889697969 AAIC 118443.26889697969 mse: 9.118787942167775e-05 sse: 1.6301657204213331 
INFO:finder:Order: (1, 1, 2), Seasonal Order: (2, 1, 2, 24), AIC: -119313.61144115275 AAIC 119313.61144115275 mse: 8.431409304756498e-05 sse: 1.5072830414113192 
INFO:finder:Order: (1, 1, 3), Seasonal Order: (0, 1, 0, 24), AIC: -93308.66652437064 AAIC 93308.66652437064 mse: 0.000319621834867285 sse: 5.713879541922455 
INFO:finder:Order: (1, 1, 3), Seasonal Order: (0, 1, 1, 24), AIC: -102396.98894758754 AAIC 102396.98894758754 mse: 0.00019536299288999128 sse: 3.4925042238943744 
INFO:finder:Order: (1, 1, 3), Seasonal Order: (0, 1, 2, 24), AIC: -106406.09572072195 AAIC 106406.09572072195 mse: 0.00015763651258425809 sse: 2.8180679354687816 
INFO:finder:Order: (1, 1, 3), Seasonal Order: (1, 1, 0, 24), AIC: -113392.16007543151 AAIC 113392.16007543151 mse: 0.00010874534200134942 sse: 1.9440404789581236 
INFO:finder:Order: (1, 1, 3), Seasonal Order: (1, 1, 1, 24), AIC: -117658.7816526894 AAIC 117658.7816526894 mse: 9.126874249680903e-05 sse: 1.631611309615455 
INFO:finder:Order: (1, 1, 3), Seasonal Order: (1, 1, 2, 24), AIC: -118874.25126717097 AAIC 118874.25126717097 mse: 8.676144167126161e-05 sse: 1.5510342927571437 
INFO:finder:Order: (1, 1, 3), Seasonal Order: (2, 1, 0, 24), AIC: -115437.5096112377 AAIC 115437.5096112377 mse: 9.890740595924079e-05 sse: 1.7681676963333475 
INFO:finder:Order: (1, 1, 3), Seasonal Order: (2, 1, 1, 24), AIC: -118663.581508725 AAIC 118663.581508725 mse: 8.985327410641466e-05 sse: 1.6063069812003747 
INFO:finder:Order: (1, 1, 3), Seasonal Order: (2, 1, 2, 24), AIC: -119231.76540555431 AAIC 119231.76540555431 mse: 8.461237652605333e-05 sse: 1.5126154551562554 
INFO:finder:Order: (2, 1, 0), Seasonal Order: (0, 1, 0, 24), AIC: -93156.53956102408 AAIC 93156.53956102408 mse: 0.00032158399376645873 sse: 5.748957056562983 
INFO:finder:Order: (2, 1, 0), Seasonal Order: (0, 1, 1, 24), AIC: -102867.83409535913 AAIC 102867.83409535913 mse: 0.0001947775476385808 sse: 3.4820382191349086 
INFO:finder:Order: (2, 1, 0), Seasonal Order: (0, 1, 2, 24), AIC: -106813.6399506999 AAIC 106813.6399506999 mse: 0.00015793121419059125 sse: 2.8233363160851996 
INFO:finder:Order: (2, 1, 0), Seasonal Order: (1, 1, 0, 24), AIC: -113627.67375639339 AAIC 113627.67375639339 mse: 0.00010975802105999846 sse: 1.9621441424895925 
INFO:finder:Order: (2, 1, 0), Seasonal Order: (1, 1, 1, 24), AIC: -117305.42421371034 AAIC 117305.42421371034 mse: 9.497076621740468e-05 sse: 1.6977923876685435 
INFO:finder:Order: (2, 1, 0), Seasonal Order: (1, 1, 2, 24), AIC: -119331.69790252282 AAIC 119331.69790252282 mse: 8.940537904479408e-05 sse: 1.5982999611837836 
INFO:finder:Order: (2, 1, 2), Seasonal Order: (1, 1, 1, 24), AIC: -117355.49289401015 AAIC 117355.49289401015 mse: 9.762891980323859e-05 sse: 1.7453121993224963 
INFO:finder:Order: (2, 1, 3), Seasonal Order: (1, 1, 1, 24), AIC: -117652.44419358743 AAIC 117652.44419358743 mse: 9.660276753953527e-05 sse: 1.726967675304272 
INFO:finder:Order: (3, 1, 2), Seasonal Order: (1, 1, 1, 24), AIC: -117361.0291827065 AAIC 117361.0291827065 mse: 9.376997164530285e-05 sse: 1.676325783103079 
INFO:finder:Order: (3, 1, 3), Seasonal Order: (1, 1, 1, 24), AIC: -116365.0596485324 AAIC 116365.0596485324 mse: 0.0001280438424974598 sse: 2.289039772327089 
INFO:finder:Best Model - Order: (2, 1, 3), Seasonal Order: (1, 1, 1, 24), AIC: -117652.44419358743
INFO:finder:STARTING ANALYSIS
INFO:finder:STARTING ANALYSIS
